1693471546444:--help
1693471570438:add(,3)
1693471597709:add
1693471604158:add 1 2
1693472056716:help
1693472382541:clear
1693472385185:help
1693472614322:add -a 1 -b 3
1693472637525:add --a 1 --b 2
1693472646811:add --a 1 --b 5
1693472901184:add
1693472908070:add 1
1693472918518:add 1 2
1693472998886:help
1693473156585:add 2
1693473167239:add --b 3
1693473211518:add
1693473217575:add 1
1693473228135:add 9
1693473238038:add --a 1
1693473416456:add
1693474032196:show 1
1693474045470:show -mobile=18937166730
1693474056937:show -mobile 18937166730
1693474073645:show id 1
1693474082665:show id 1L
1693474145756:show 1
1693474154578:show -id 1
1693474163737:show --id 1
1693474186610:show --mobile 18937166730
1693474217898:show
1693474226697:show --id 1
1693474234017:show --id 2
1693474246010:help
1693474364328:date
1693474632047:clear
1693474645718:help
